<?xml version="1.0" encoding="UTF-8"?>
<!-- Generated by org.testng.reporters.JUnitReportReporter -->
<testsuite skipped="0" hostname="Deva-Pc" name="stepOne.loginTrailOne" tests="1" failures="0" timestamp="11 Oct 2017 19:31:07 GMT" time="81.061" errors="0">
  <testcase name="f" time="81.061" classname="stepOne.loginTrailOne"/>
</testsuite> <!-- stepOne.loginTrailOne -->
