<?xml version="1.0" encoding="UTF-8"?>
<!-- Generated by org.testng.reporters.JUnitReportReporter -->
<testsuite skipped="0" hostname="Deva-Pc" name="com.org.dapps.shopsyFramework.toTest" tests="1" failures="0" timestamp="27 Nov 2017 19:15:13 GMT" time="32.144" errors="0">
  <testcase name="samplerun" time="32.144" classname="com.org.dapps.shopsyFramework.toTest"/>
</testsuite> <!-- com.org.dapps.shopsyFramework.toTest -->
