<?xml version="1.0" encoding="UTF-8"?>
<!-- Generated by org.testng.reporters.JUnitReportReporter -->
<testsuite skipped="0" hostname="Deva-Pc" name="com.org.dapps.shopsyFramework.toTest" tests="1" failures="0" timestamp="26 Nov 2017 20:13:17 GMT" time="12.206" errors="0">
  <testcase name="samplerun" time="12.206" classname="com.org.dapps.shopsyFramework.toTest"/>
</testsuite> <!-- com.org.dapps.shopsyFramework.toTest -->
