<?xml version="1.0" encoding="UTF-8"?>
<!-- Generated by org.testng.reporters.JUnitReportReporter -->
<testsuite skipped="0" hostname="Deva-Pc" name="com.org.dapps.shopsyFramework.AppTest" tests="1" failures="0" timestamp="27 Nov 2017 19:49:28 GMT" time="0.001" errors="0">
  <testcase name="testApp" time="0.001" classname="com.org.dapps.shopsyFramework.AppTest"/>
</testsuite> <!-- com.org.dapps.shopsyFramework.AppTest -->
